SF:lib\src\builders\chain_builder.dart
DA:10,1
DA:24,1
DA:36,1
DA:38,2
DA:42,2
DA:43,3
DA:47,1
DA:49,1
DA:51,1
DA:53,1
DA:54,1
DA:55,1
DA:56,1
DA:57,1
DA:58,1
DA:59,1
DA:60,1
DA:65,2
DA:66,3
DA:67,2
DA:69,1
DA:71,1
DA:74,2
LF:23
LH:23
end_of_record
SF:lib\src\builders\custom_animation_builder.dart
DA:45,5
DA:59,5
DA:60,5
DA:68,5
DA:70,5
DA:71,10
DA:73,5
DA:74,10
DA:75,10
DA:76,10
DA:77,10
DA:78,10
DA:80,5
DA:81,10
DA:82,10
DA:86,10
DA:87,10
DA:88,15
DA:89,15
DA:92,10
DA:93,10
DA:97,5
DA:99,10
DA:100,5
DA:103,5
DA:105,5
DA:106,5
DA:107,25
DA:108,10
LF:29
LH:29
end_of_record
SF:lib\src\builders\effect_builder.dart
DA:17,2
DA:30,2
DA:32,2
DA:33,2
DA:34,2
DA:35,2
DA:36,2
DA:37,2
DA:38,2
DA:39,2
DA:40,2
DA:41,2
DA:42,4
LF:13
LH:13
end_of_record
SF:lib\src\builders\parallel_builder.dart
DA:17,4
DA:30,4
DA:32,4
DA:33,4
DA:34,4
DA:35,4
DA:36,4
DA:37,4
DA:38,4
DA:39,4
DA:40,4
DA:41,4
DA:43,8
DA:44,4
LF:14
LH:14
end_of_record
SF:lib\src\builders\sequence_builder.dart
DA:17,2
DA:30,2
DA:32,2
DA:33,2
DA:34,2
DA:35,2
DA:36,2
DA:37,2
DA:38,2
DA:39,2
DA:40,2
DA:41,2
DA:42,4
DA:44,6
DA:47,8
DA:48,2
DA:49,2
DA:51,2
DA:53,2
DA:56,6
LF:20
LH:20
end_of_record
SF:lib\src\builders\stagger_builder.dart
DA:18,2
DA:32,2
DA:34,2
DA:35,2
DA:36,2
DA:37,2
DA:38,2
DA:39,2
DA:40,2
DA:41,2
DA:42,2
DA:43,2
DA:44,4
DA:51,14
DA:52,4
DA:56,8
DA:57,2
DA:58,4
DA:60,2
DA:62,2
DA:65,6
LF:21
LH:21
end_of_record
SF:lib\src\effects\animation_effect.dart
DA:7,150
DA:18,65
DA:20,6
DA:22,6
DA:23,42
DA:34,52
DA:36,6
DA:38,6
DA:39,42
DA:50,27
DA:52,5
DA:54,5
DA:55,20
DA:66,0
DA:68,0
DA:70,0
DA:71,0
DA:82,0
DA:84,0
DA:86,0
DA:87,0
DA:88,0
DA:99,24
DA:101,1
DA:103,7
DA:104,1
DA:105,1
DA:106,1
DA:116,12
DA:118,0
DA:120,0
DA:121,0
DA:122,0
DA:123,0
DA:131,12
DA:133,0
DA:135,0
DA:136,0
DA:137,0
DA:145,24
DA:147,1
DA:149,1
DA:151,3
DA:159,12
DA:161,0
DA:163,0
DA:164,0
DA:172,12
DA:174,0
DA:176,0
DA:177,0
DA:187,24
DA:189,1
DA:191,1
DA:192,9
DA:193,9
DA:194,1
DA:196,1
DA:204,24
DA:206,1
DA:208,5
DA:209,1
LF:62
LH:38
end_of_record
SF:lib\src\core\config.dart
DA:27,11
DA:37,1
DA:45,1
DA:46,0
DA:47,1
DA:48,1
DA:49,1
DA:50,0
DA:51,1
LF:9
LH:7
end_of_record
SF:lib\src\core\handler.dart
DA:14,9
DA:18,9
DA:21,9
DA:22,18
DA:23,0
DA:25,27
DA:28,9
DA:30,9
DA:31,5
DA:32,22
DA:34,5
DA:35,14
DA:37,0
DA:38,0
DA:44,9
DA:45,18
DA:46,0
DA:48,27
LF:18
LH:14
end_of_record
SF:lib\src\core\lifecycle.dart
DA:19,9
LF:1
LH:1
end_of_record
SF:lib\src\core\manager.dart
DA:26,9
DA:31,9
DA:34,9
DA:35,18
DA:36,9
DA:37,18
DA:38,18
DA:41,9
DA:42,18
DA:43,9
DA:44,9
DA:50,9
DA:51,27
DA:52,5
DA:54,9
DA:58,9
DA:59,18
DA:60,4
DA:62,18
DA:67,9
DA:68,10
DA:69,18
DA:70,18
LF:23
LH:23
end_of_record
SF:lib\src\effects\blur_animation.dart
DA:18,1
DA:32,1
DA:34,1
DA:35,1
DA:36,1
DA:37,1
DA:38,1
DA:39,1
DA:40,1
DA:41,1
DA:42,1
DA:43,1
DA:44,7
DA:45,1
DA:46,1
LF:15
LH:15
end_of_record
SF:lib\src\effects\bounce_animation.dart
DA:16,1
DA:28,1
DA:30,1
DA:31,1
DA:32,1
DA:33,1
DA:34,1
DA:35,1
DA:36,1
DA:37,1
DA:38,1
DA:39,1
DA:40,1
DA:42,8
DA:43,1
DA:44,1
LF:16
LH:16
end_of_record
SF:lib\src\effects\elastic_animation.dart
DA:15,1
DA:27,1
DA:29,1
DA:30,1
DA:31,1
DA:33,1
DA:34,1
DA:35,1
DA:36,1
DA:37,1
DA:38,1
DA:39,1
DA:40,1
DA:41,1
LF:14
LH:14
end_of_record
SF:lib\src\effects\fade_animation.dart
DA:40,0
DA:56,2
DA:71,0
DA:85,1
DA:86,1
DA:94,1
DA:96,1
DA:97,2
DA:99,1
DA:100,2
DA:101,2
DA:102,2
DA:103,2
DA:104,2
DA:106,1
DA:107,2
DA:108,2
DA:112,7
DA:113,1
DA:114,2
DA:115,3
DA:116,3
DA:120,2
DA:121,2
DA:125,1
DA:127,2
DA:128,1
DA:131,1
DA:133,1
DA:134,1
DA:135,2
LF:31
LH:29
end_of_record
SF:lib\src\effects\flip_animation.dart
DA:16,1
DA:28,1
DA:30,1
DA:31,1
DA:32,1
DA:33,1
DA:34,1
DA:35,1
DA:36,1
DA:37,1
DA:38,1
DA:39,1
DA:40,2
DA:41,1
DA:43,1
LF:15
LH:15
end_of_record
SF:lib\src\effects\jelly_animation.dart
DA:16,1
DA:28,1
DA:30,1
DA:31,1
DA:32,1
DA:33,1
DA:34,1
DA:35,1
DA:36,1
DA:37,1
DA:38,1
DA:39,1
DA:40,1
DA:42,9
DA:43,9
DA:45,1
DA:47,1
LF:17
LH:17
end_of_record
SF:lib\src\effects\pulse_animation.dart
DA:16,1
DA:28,1
DA:30,1
DA:31,1
DA:32,1
DA:33,1
DA:34,1
DA:35,1
DA:36,1
DA:37,1
DA:38,1
DA:39,1
DA:40,5
DA:41,1
LF:14
LH:14
end_of_record
SF:lib\src\effects\rotation_animation.dart
DA:40,0
DA:56,2
DA:71,0
DA:83,0
DA:86,0
DA:100,1
DA:101,1
DA:109,1
DA:111,1
DA:112,2
DA:114,1
DA:115,2
DA:116,2
DA:117,2
DA:118,2
DA:119,2
DA:121,1
DA:122,2
DA:123,2
DA:127,7
DA:128,1
DA:129,2
DA:130,3
DA:131,3
DA:135,2
DA:136,2
DA:140,1
DA:142,2
DA:143,1
DA:146,1
DA:148,1
DA:149,1
DA:150,2
LF:33
LH:29
end_of_record
SF:lib\src\effects\scale_animation.dart
DA:40,0
DA:56,2
DA:71,0
DA:85,1
DA:86,1
DA:94,1
DA:96,1
DA:97,2
DA:99,1
DA:100,2
DA:101,2
DA:102,2
DA:103,2
DA:104,2
DA:106,1
DA:107,2
DA:108,2
DA:112,7
DA:113,1
DA:114,2
DA:115,3
DA:116,3
DA:120,2
DA:121,2
DA:125,1
DA:127,2
DA:128,1
DA:131,1
DA:133,1
DA:134,1
DA:135,2
LF:31
LH:29
end_of_record
SF:lib\src\effects\shake_animation.dart
DA:16,1
DA:28,1
DA:30,1
DA:31,1
DA:32,1
DA:33,1
DA:34,1
DA:35,1
DA:36,1
DA:37,1
DA:38,1
DA:39,1
DA:40,5
DA:41,1
DA:42,1
LF:15
LH:15
end_of_record
SF:lib\src\effects\slide_animation.dart
DA:40,0
DA:56,1
DA:71,0
DA:86,0
DA:101,1
DA:115,1
DA:116,1
DA:124,1
DA:126,1
DA:127,2
DA:129,1
DA:130,2
DA:131,2
DA:132,2
DA:133,2
DA:134,2
DA:136,1
DA:137,2
DA:138,2
DA:142,7
DA:143,1
DA:144,2
DA:145,3
DA:146,3
DA:150,2
DA:151,2
DA:155,1
DA:157,2
DA:158,1
DA:161,1
DA:163,1
DA:164,1
DA:165,2
LF:33
LH:30
end_of_record
SF:lib\src\effects\swing_animation.dart
DA:16,1
DA:28,1
DA:30,1
DA:31,1
DA:32,1
DA:33,1
DA:34,1
DA:35,1
DA:36,1
DA:37,1
DA:38,1
DA:39,1
DA:40,1
DA:42,8
DA:43,1
LF:15
LH:15
end_of_record
SF:lib\src\effects\zoom_animation.dart
DA:15,1
DA:27,1
DA:29,1
DA:30,1
DA:31,1
DA:32,1
DA:33,1
DA:34,1
DA:35,1
DA:36,1
DA:37,1
DA:38,1
DA:39,1
DA:40,1
DA:42,1
LF:15
LH:15
end_of_record
SF:lib\src\extensions\widget_extensions.dart
DA:16,1
DA:27,1
DA:28,1
DA:29,3
DA:30,1
DA:31,1
DA:32,1
DA:33,1
DA:34,1
DA:39,1
DA:40,1
DA:41,1
DA:42,0
DA:43,1
DA:44,1
DA:48,1
DA:49,1
DA:50,1
DA:52,0
DA:53,1
DA:54,1
DA:58,1
DA:60,1
DA:61,1
DA:62,1
DA:63,1
DA:64,1
DA:65,1
DA:66,1
DA:73,1
DA:74,1
DA:77,1
DA:81,1
DA:82,3
DA:86,1
DA:87,3
DA:91,1
DA:92,3
DA:96,0
DA:97,0
DA:101,0
DA:102,0
DA:106,0
DA:107,0
DA:111,0
DA:112,0
DA:116,0
DA:117,0
DA:121,0
DA:122,0
DA:126,0
DA:127,0
DA:131,0
DA:132,0
DA:136,0
DA:137,0
DA:141,0
DA:142,0
DA:146,1
DA:147,2
DA:151,1
DA:152,1
DA:156,1
DA:157,2
DA:161,0
DA:162,0
DA:163,0
DA:164,0
DA:165,0
DA:166,0
DA:169,0
LF:71
LH:42
end_of_record
SF:lib\src\transitions\cupertino_transition.dart
DA:5,1
DA:8,1
DA:15,1
DA:22,1
DA:24,1
DA:25,1
LF:6
LH:6
end_of_record
SF:lib\src\transitions\fade_transition.dart
DA:9,1
DA:13,1
DA:14,1
DA:17,1
DA:18,1
DA:28,1
DA:36,1
DA:38,1
DA:39,1
DA:40,1
LF:10
LH:10
end_of_record
SF:lib\src\transitions\hero_transition.dart
DA:8,1
DA:12,1
DA:14,1
DA:16,1
DA:19,1
DA:20,1
DA:33,1
DA:41,1
DA:43,1
DA:44,1
DA:45,1
LF:11
LH:11
end_of_record
SF:lib\src\transitions\material_motion_transition.dart
DA:8,1
DA:12,1
DA:13,1
DA:16,1
DA:17,1
DA:18,2
DA:19,1
DA:20,2
DA:21,1
DA:24,2
DA:25,1
DA:28,2
DA:29,1
DA:32,1
DA:33,4
DA:34,1
DA:35,1
DA:50,1
DA:58,1
DA:60,1
DA:61,1
DA:62,1
LF:22
LH:22
end_of_record
SF:lib\src\transitions\scale_transition.dart
DA:9,1
DA:13,1
DA:14,1
DA:17,1
DA:18,1
DA:28,1
DA:36,1
DA:38,1
DA:39,1
DA:40,1
LF:10
LH:10
end_of_record
SF:lib\src\transitions\shared_axis_transition.dart
DA:11,1
DA:16,1
DA:17,1
DA:20,1
DA:21,1
DA:22,2
DA:23,1
DA:24,2
DA:25,1
DA:27,2
DA:28,1
DA:32,1
DA:33,0
DA:34,0
DA:35,0
DA:36,0
DA:39,1
DA:40,2
DA:41,2
DA:42,1
DA:43,3
DA:46,0
DA:47,0
DA:48,0
DA:49,0
DA:50,0
DA:55,1
DA:56,4
DA:71,1
DA:80,1
DA:82,1
DA:83,1
DA:84,1
DA:85,1
LF:34
LH:25
end_of_record
SF:lib\src\transitions\slide_transition.dart
DA:10,1
DA:15,1
DA:16,1
DA:19,1
DA:20,2
DA:31,1
DA:40,1
DA:42,1
DA:43,1
DA:44,1
DA:45,1
LF:11
LH:11
end_of_record
SF:lib\src\transitions\zoom_transition.dart
DA:9,1
DA:13,1
DA:14,1
DA:17,1
DA:18,1
DA:28,1
DA:36,1
DA:38,1
DA:39,1
DA:40,1
LF:10
LH:10
end_of_record
SF:lib\src\widgets\animated_bottom_navigation_bar.dart
DA:8,1
DA:18,1
DA:26,1
DA:28,1
DA:29,1
DA:30,1
DA:32,5
DA:33,1
DA:34,1
DA:35,2
DA:37,1
DA:39,1
DA:40,1
DA:41,2
DA:43,2
DA:44,1
DA:46,1
LF:17
LH:17
end_of_record
SF:lib\src\widgets\animated_button.dart
DA:11,2
DA:19,2
DA:20,2
DA:26,2
DA:28,2
DA:29,4
DA:31,6
DA:35,0
DA:37,0
DA:38,0
DA:39,0
DA:43,2
DA:45,4
DA:46,2
DA:49,0
DA:50,0
DA:51,0
DA:55,0
DA:56,0
DA:57,0
DA:58,0
DA:62,0
DA:63,0
DA:64,0
DA:68,2
DA:70,2
DA:71,2
DA:72,2
DA:73,2
DA:75,2
DA:76,4
DA:77,2
DA:78,10
DA:80,4
LF:34
LH:20
end_of_record
SF:lib\src\widgets\animated_card.dart
DA:11,2
DA:22,2
DA:24,2
DA:25,2
DA:26,2
DA:27,2
DA:28,2
LF:7
LH:7
end_of_record
SF:lib\src\widgets\animated_dialog.dart
DA:5,0
DA:17,0
DA:19,0
DA:20,0
DA:26,0
DA:28,0
DA:29,0
LF:7
LH:0
end_of_record
SF:lib\src\widgets\animated_drawer.dart
DA:9,1
DA:15,1
DA:17,1
DA:18,1
DA:20,1
DA:21,1
LF:6
LH:6
end_of_record
SF:lib\src\widgets\animated_fab.dart
DA:11,1
DA:19,1
DA:21,1
DA:22,1
DA:23,1
DA:24,1
DA:25,1
DA:29,1
LF:8
LH:8
end_of_record
SF:lib\src\widgets\animated_search_bar.dart
DA:13,1
DA:23,1
DA:24,1
DA:31,1
DA:33,1
DA:34,2
DA:36,3
DA:40,1
DA:42,2
DA:43,1
DA:46,0
DA:47,0
DA:48,0
DA:49,0
DA:50,0
DA:52,0
DA:53,0
DA:58,1
DA:60,1
DA:61,2
DA:62,1
DA:63,12
DA:64,1
DA:66,2
DA:67,1
DA:68,2
DA:69,4
DA:72,1
DA:73,1
DA:74,1
DA:75,1
DA:77,1
DA:78,2
DA:79,2
DA:83,1
DA:84,1
DA:85,3
DA:86,1
DA:87,0
DA:88,0
DA:89,0
DA:90,0
DA:91,0
LF:43
LH:31
end_of_record
SF:lib\src\widgets\custom_animated_container.dart
DA:13,2
DA:23,2
DA:25,2
DA:26,2
DA:27,2
DA:28,2
DA:29,2
DA:30,2
DA:31,2
LF:9
LH:9
end_of_record
SF:lib\src\widgets\custom_animated_grid.dart
DA:17,1
DA:34,1
DA:36,1
DA:37,1
DA:38,1
DA:39,1
DA:40,1
DA:41,1
DA:42,1
DA:43,1
DA:44,2
DA:48,4
DA:50,1
DA:51,1
DA:52,1
DA:53,1
LF:16
LH:16
end_of_record
SF:lib\src\widgets\custom_animated_list.dart
DA:16,1
DA:32,1
DA:34,1
DA:35,1
DA:36,1
DA:37,1
DA:38,1
DA:39,1
DA:40,1
DA:41,2
DA:45,4
DA:47,1
DA:48,1
DA:49,1
DA:50,1
LF:15
LH:15
end_of_record
